[01m[K/home/noma/FINAL_ws/manipulator/src/open_manipulator/open_manipulator_x_controller/src/open_manipulator_x_controller.cpp:[m[K In member function â€˜[01m[Kvoid open_manipulator_x_controller::OpenManipulatorXController::init_publisher()[m[Kâ€™:
[01m[K/home/noma/FINAL_ws/manipulator/src/open_manipulator/open_manipulator_x_controller/src/open_manipulator_x_controller.cpp:105:14:[m[K [01;31m[Kerror: [m[Kfound â€˜[01m[K:[m[Kâ€™ in nested-name-specifier, expected â€˜[01m[K::[m[Kâ€™
  105 |     void(name[01;31m[K:[m[Ktools_name)
      |              [01;31m[K^[m[K
      |              [32m[K::[m[K
[01m[K/home/noma/FINAL_ws/manipulator/src/open_manipulator/open_manipulator_x_controller/src/open_manipulator_x_controller.cpp:105:5:[m[K [01;31m[Kerror: [m[Kexpected primary-expression before â€˜[01m[Kvoid[m[Kâ€™
  105 |     [01;31m[Kvoid[m[K(name:tools_name)
      |     [01;31m[K^~~~[m[K
[01m[K/home/noma/FINAL_ws/manipulator/src/open_manipulator/open_manipulator_x_controller/src/open_manipulator_x_controller.cpp:107:55:[m[K [01;31m[Kerror: [m[Kâ€˜[01m[Kpb[m[Kâ€™ was not declared in this scope
  107 | manipulator_x_kinematics_pose_pub_.push_back([01;31m[Kpb[m[K);
      |                                              [01;31m[K^~[m[K

gmake[2]: *** [CMakeFiles/open_manipulator_x_controller.dir/build.make:76: CMakeFiles/open_manipulator_x_controller.dir/src/open_manipulator_x_controller.cpp.o] Error 1
gmake[1]: *** [CMakeFiles/Makefile2:137: CMakeFiles/open_manipulator_x_controller.dir/all] Error 2
gmake: *** [Makefile:146: all] Error 2
